<?xml version="1.0" encoding="UTF-8"?>
<testsuites name="jest tests" tests="6" failures="0" time="3.255">
  <testsuite name="components/ChannelSettingsModal" errors="0" failures="0" skipped="0" timestamp="2020-02-21T10:04:49" time="2.623" tests="6">
    <testcase classname="components/ChannelSettingsModal subscription modal snapshot test" name="components/ChannelSettingsModal subscription modal snapshot test" time="0.019">
    </testcase>
    <testcase classname="components/ChannelSettingsModal new space subscription" name="components/ChannelSettingsModal new space subscription" time="0.01">
    </testcase>
    <testcase classname="components/ChannelSettingsModal edit space subscription" name="components/ChannelSettingsModal edit space subscription" time="0.006">
    </testcase>
    <testcase classname="components/ChannelSettingsModal new page subscription" name="components/ChannelSettingsModal new page subscription" time="0.006">
    </testcase>
    <testcase classname="components/ChannelSettingsModal edit page subscription" name="components/ChannelSettingsModal edit page subscription" time="0.005">
    </testcase>
    <testcase classname="components/ChannelSettingsModal subscription data clean" name="components/ChannelSettingsModal subscription data clean" time="0.005">
    </testcase>
  </testsuite>
</testsuites>